[2017-03-21 15:08:23] local.ERROR: InvalidArgumentException: View [title] not found. in D:\5735512083\242-320 Software Development Methodologies\Homework\Antwickler\vendor\laravel\framework\src\Illuminate\View\FileViewFinder.php:137
Stack trace:
#0 D:\5735512083\242-320 Software Development Methodologies\Homework\Antwickler\vendor\laravel\framework\src\Illuminate\View\FileViewFinder.php(79): Illuminate\View\FileViewFinder->findInPaths('title', Array)
#1 D:\5735512083\242-320 Software Development Methodologies\Homework\Antwickler\vendor\laravel\framework\src\Illuminate\View\Factory.php(128): Illuminate\View\FileViewFinder->find('title')
#2 D:\5735512083\242-320 Software Development Methodologies\Homework\Antwickler\storage\framework\views\e13d01e627745c24cfa90bf52c1033a52b791256.php(5): Illuminate\View\Factory->make('title', 'Home', Array)
#3 D:\5735512083\242-320 Software Development Methodologies\Homework\Antwickler\vendor\laravel\framework\src\Illuminate\View\Engines\PhpEngine.php(42): include('D:\\5735512083\\2...')
#4 D:\5735512083\242-320 Software Development Methodologies\Homework\Antwickler\vendor\laravel\framework\src\Illuminate\View\Engines\CompilerEngine.php(59): Illuminate\View\Engines\PhpEngine->evaluatePath('D:\\5735512083\\2...', Array)
#5 D:\5735512083\242-320 Software Development Methodologies\Homework\Antwickler\vendor\laravel\framework\src\Illuminate\View\View.php(137): Illuminate\View\Engines\CompilerEngine->get('D:\\5735512083\\2...', Array)
#6 D:\5735512083\242-320 Software Development Methodologies\Homework\Antwickler\vendor\laravel\framework\src\Illuminate\View\View.php(120): Illuminate\View\View->getContents()
#7 D:\5735512083\242-320 Software Development Methodologies\Homework\Antwickler\vendor\laravel\framework\src\Illuminate\View\View.php(85): Illuminate\View\View->renderContents()
#8 D:\5735512083\242-320 Software Development Methodologies\Homework\Antwickler\vendor\laravel\framework\src\Illuminate\Http\Response.php(38): Illuminate\View\View->render()
#9 D:\5735512083\242-320 Software Development Methodologies\Homework\Antwickler\vendor\symfony\http-foundation\Response.php(225): Illuminate\Http\Response->setContent(Object(Illuminate\View\View))
#10 D:\5735512083\242-320 Software Development Methodologies\Homework\Antwickler\vendor\laravel\framework\src\Illuminate\Routing\Router.php(602): Symfony\Component\HttpFoundation\Response->__construct(Object(Illuminate\View\View))
#11 D:\5735512083\242-320 Software Development Methodologies\Homework\Antwickler\vendor\laravel\framework\src\Illuminate\Routing\Router.php(559): Illuminate\Routing\Router->prepareResponse(Object(Illuminate\Http\Request), Object(Illuminate\View\View))
#12 D:\5735512083\242-320 Software Development Methodologies\Homework\Antwickler\vendor\laravel\framework\src\Illuminate\Routing\Pipeline.php(30): Illuminate\Routing\Router->Illuminate\Routing\{closure}(Object(Illuminate\Http\Request))
#13 D:\5735512083\242-320 Software Development Methodologies\Homework\Antwickler\vendor\laravel\framework\src\Illuminate\Routing\Middleware\SubstituteBindings.php(41): Illuminate\Routing\Pipeline->Illuminate\Routing\{closure}(Object(Illuminate\Http\Request))
#14 D:\5735512083\242-320 Software Development Methodologies\Homework\Antwickler\vendor\laravel\framework\src\Illuminate\Pipeline\Pipeline.php(148): Illuminate\Routing\Middleware\SubstituteBindings->handle(Object(Illuminate\Http\Request), Object(Closure))
#15 D:\5735512083\242-320 Software Development Methodologies\Homework\Antwickler\vendor\laravel\framework\src\Illuminate\Routing\Pipeline.php(53): Illuminate\Pipeline\Pipeline->Illuminate\Pipeline\{closure}(Object(Illuminate\Http\Request))
#16 D:\5735512083\242-320 Software Development Methodologies\Homework\Antwickler\vendor\laravel\framework\src\Illuminate\Foundation\Http\Middleware\VerifyCsrfToken.php(65): Illuminate\Routing\Pipeline->Illuminate\Routing\{closure}(Object(Illuminate\Http\Request))
#17 D:\5735512083\242-320 Software Development Methodologies\Homework\Antwickler\vendor\laravel\framework\src\Illuminate\Pipeline\Pipeline.php(148): Illuminate\Foundation\Http\Middleware\VerifyCsrfToken->handle(Object(Illuminate\Http\Request), Object(Closure))
#18 D:\5735512083\242-320 Software Development Methodologies\Homework\Antwickler\vendor\laravel\framework\src\Illuminate\Routing\Pipeline.php(53): Illuminate\Pipeline\Pipeline->Illuminate\Pipeline\{closure}(Object(Illuminate\Http\Request))
#19 D:\5735512083\242-320 Software Development Methodologies\Homework\Antwickler\vendor\laravel\framework\src\Illuminate\View\Middleware\ShareErrorsFromSession.php(49): Illuminate\Routing\Pipeline->Illuminate\Routing\{closure}(Object(Illuminate\Http\Request))
#20 D:\5735512083\242-320 Software Development Methodologies\Homework\Antwickler\vendor\laravel\framework\src\Illuminate\Pipeline\Pipeline.php(148): Illuminate\View\Middleware\ShareErrorsFromSession->handle(Object(Illuminate\Http\Request), Object(Closure))
#21 D:\5735512083\242-320 Software Development Methodologies\Homework\Antwickler\vendor\laravel\framework\src\Illuminate\Routing\Pipeline.php(53): Illuminate\Pipeline\Pipeline->Illuminate\Pipeline\{closure}(Object(Illuminate\Http\Request))
#22 D:\5735512083\242-320 Software Development Methodologies\Homework\Antwickler\vendor\laravel\framework\src\Illuminate\Session\Middleware\StartSession.php(64): Illuminate\Routing\Pipeline->Illuminate\Routing\{closure}(Object(Illuminate\Http\Request))
#23 D:\5735512083\242-320 Software Development Methodologies\Homework\Antwickler\vendor\laravel\framework\src\Illuminate\Pipeline\Pipeline.php(148): Illuminate\Session\Middleware\StartSession->handle(Object(Illuminate\Http\Request), Object(Closure))
#24 D:\5735512083\242-320 Software Development Methodologies\Homework\Antwickler\vendor\laravel\framework\src\Illuminate\Routing\Pipeline.php(53): Illuminate\Pipeline\Pipeline->Illuminate\Pipeline\{closure}(Object(Illuminate\Http\Request))
#25 D:\5735512083\242-320 Software Development Methodologies\Homework\Antwickler\vendor\laravel\framework\src\Illuminate\Cookie\Middleware\AddQueuedCookiesToResponse.php(37): Illuminate\Routing\Pipeline->Illuminate\Routing\{closure}(Object(Illuminate\Http\Request))
#26 D:\5735512083\242-320 Software Development Methodologies\Homework\Antwickler\vendor\laravel\framework\src\Illuminate\Pipeline\Pipeline.php(148): Illuminate\Cookie\Middleware\AddQueuedCookiesToResponse->handle(Object(Illuminate\Http\Request), Object(Closure))
#27 D:\5735512083\242-320 Software Development Methodologies\Homework\Antwickler\vendor\laravel\framework\src\Illuminate\Routing\Pipeline.php(53): Illuminate\Pipeline\Pipeline->Illuminate\Pipeline\{closure}(Object(Illuminate\Http\Request))
#28 D:\5735512083\242-320 Software Development Methodologies\Homework\Antwickler\vendor\laravel\framework\src\Illuminate\Cookie\Middleware\EncryptCookies.php(59): Illuminate\Routing\Pipeline->Illuminate\Routing\{closure}(Object(Illuminate\Http\Request))
#29 D:\5735512083\242-320 Software Development Methodologies\Homework\Antwickler\vendor\laravel\framework\src\Illuminate\Pipeline\Pipeline.php(148): Illuminate\Cookie\Middleware\EncryptCookies->handle(Object(Illuminate\Http\Request), Object(Closure))
#30 D:\5735512083\242-320 Software Development Methodologies\Homework\Antwickler\vendor\laravel\framework\src\Illuminate\Routing\Pipeline.php(53): Illuminate\Pipeline\Pipeline->Illuminate\Pipeline\{closure}(Object(Illuminate\Http\Request))
#31 D:\5735512083\242-320 Software Development Methodologies\Homework\Antwickler\vendor\laravel\framework\src\Illuminate\Pipeline\Pipeline.php(102): Illuminate\Routing\Pipeline->Illuminate\Routing\{closure}(Object(Illuminate\Http\Request))
#32 D:\5735512083\242-320 Software Development Methodologies\Homework\Antwickler\vendor\laravel\framework\src\Illuminate\Routing\Router.php(561): Illuminate\Pipeline\Pipeline->then(Object(Closure))
#33 D:\5735512083\242-320 Software Development Methodologies\Homework\Antwickler\vendor\laravel\framework\src\Illuminate\Routing\Router.php(520): Illuminate\Routing\Router->runRouteWithinStack(Object(Illuminate\Routing\Route), Object(Illuminate\Http\Request))
#34 D:\5735512083\242-320 Software Development Methodologies\Homework\Antwickler\vendor\laravel\framework\src\Illuminate\Routing\Router.php(498): Illuminate\Routing\Router->dispatchToRoute(Object(Illuminate\Http\Request))
#35 D:\5735512083\242-320 Software Development Methodologies\Homework\Antwickler\vendor\laravel\framework\src\Illuminate\Foundation\Http\Kernel.php(174): Illuminate\Routing\Router->dispatch(Object(Illuminate\Http\Request))
#36 D:\5735512083\242-320 Software Development Methodologies\Homework\Antwickler\vendor\laravel\framework\src\Illuminate\Routing\Pipeline.php(30): Illuminate\Foundation\Http\Kernel->Illuminate\Foundation\Http\{closure}(Object(Illuminate\Http\Request))
#37 D:\5735512083\242-320 Software Development Methodologies\Homework\Antwickler\vendor\laravel\framework\src\Illuminate\Foundation\Http\Middleware\TransformsRequest.php(30): Illuminate\Routing\Pipeline->Illuminate\Routing\{closure}(Object(Illuminate\Http\Request))
#38 D:\5735512083\242-320 Software Development Methodologies\Homework\Antwickler\vendor\laravel\framework\src\Illuminate\Pipeline\Pipeline.php(148): Illuminate\Foundation\Http\Middleware\TransformsRequest->handle(Object(Illuminate\Http\Request), Object(Closure))
#39 D:\5735512083\242-320 Software Development Methodologies\Homework\Antwickler\vendor\laravel\framework\src\Illuminate\Routing\Pipeline.php(53): Illuminate\Pipeline\Pipeline->Illuminate\Pipeline\{closure}(Object(Illuminate\Http\Request))
#40 D:\5735512083\242-320 Software Development Methodologies\Homework\Antwickler\vendor\laravel\framework\src\Illuminate\Foundation\Http\Middleware\TransformsRequest.php(30): Illuminate\Routing\Pipeline->Illuminate\Routing\{closure}(Object(Illuminate\Http\Request))
#41 D:\5735512083\242-320 Software Development Methodologies\Homework\Antwickler\vendor\laravel\framework\src\Illuminate\Pipeline\Pipeline.php(148): Illuminate\Foundation\Http\Middleware\TransformsRequest->handle(Object(Illuminate\Http\Request), Object(Closure))
#42 D:\5735512083\242-320 Software Development Methodologies\Homework\Antwickler\vendor\laravel\framework\src\Illuminate\Routing\Pipeline.php(53): Illuminate\Pipeline\Pipeline->Illuminate\Pipeline\{closure}(Object(Illuminate\Http\Request))
#43 D:\5735512083\242-320 Software Development Methodologies\Homework\Antwickler\vendor\laravel\framework\src\Illuminate\Foundation\Http\Middleware\ValidatePostSize.php(27): Illuminate\Routing\Pipeline->Illuminate\Routing\{closure}(Object(Illuminate\Http\Request))
#44 D:\5735512083\242-320 Software Development Methodologies\Homework\Antwickler\vendor\laravel\framework\src\Illuminate\Pipeline\Pipeline.php(148): Illuminate\Foundation\Http\Middleware\ValidatePostSize->handle(Object(Illuminate\Http\Request), Object(Closure))
#45 D:\5735512083\242-320 Software Development Methodologies\Homework\Antwickler\vendor\laravel\framework\src\Illuminate\Routing\Pipeline.php(53): Illuminate\Pipeline\Pipeline->Illuminate\Pipeline\{closure}(Object(Illuminate\Http\Request))
#46 D:\5735512083\242-320 Software Development Methodologies\Homework\Antwickler\vendor\laravel\framework\src\Illuminate\Foundation\Http\Middleware\CheckForMaintenanceMode.php(46): Illuminate\Routing\Pipeline->Illuminate\Routing\{closure}(Object(Illuminate\Http\Request))
#47 D:\5735512083\242-320 Software Development Methodologies\Homework\Antwickler\vendor\laravel\framework\src\Illuminate\Pipeline\Pipeline.php(148): Illuminate\Foundation\Http\Middleware\CheckForMaintenanceMode->handle(Object(Illuminate\Http\Request), Object(Closure))
#48 D:\5735512083\242-320 Software Development Methodologies\Homework\Antwickler\vendor\laravel\framework\src\Illuminate\Routing\Pipeline.php(53): Illuminate\Pipeline\Pipeline->Illuminate\Pipeline\{closure}(Object(Illuminate\Http\Request))
#49 D:\5735512083\242-320 Software Development Methodologies\Homework\Antwickler\vendor\laravel\framework\src\Illuminate\Pipeline\Pipeline.php(102): Illuminate\Routing\Pipeline->Illuminate\Routing\{closure}(Object(Illuminate\Http\Request))
#50 D:\5735512083\242-320 Software Development Methodologies\Homework\Antwickler\vendor\laravel\framework\src\Illuminate\Foundation\Http\Kernel.php(149): Illuminate\Pipeline\Pipeline->then(Object(Closure))
#51 D:\5735512083\242-320 Software Development Methodologies\Homework\Antwickler\vendor\laravel\framework\src\Illuminate\Foundation\Http\Kernel.php(116): Illuminate\Foundation\Http\Kernel->sendRequestThroughRouter(Object(Illuminate\Http\Request))
#52 D:\5735512083\242-320 Software Development Methodologies\Homework\Antwickler\public\index.php(53): Illuminate\Foundation\Http\Kernel->handle(Object(Illuminate\Http\Request))
#53 D:\5735512083\242-320 Software Development Methodologies\Homework\Antwickler\server.php(21): require_once('D:\\5735512083\\2...')
#54 {main}

Next ErrorException: View [title] not found. (View: D:\5735512083\242-320 Software Development Methodologies\Homework\Antwickler\resources\views\index.blade.php) in D:\5735512083\242-320 Software Development Methodologies\Homework\Antwickler\vendor\laravel\framework\src\Illuminate\View\FileViewFinder.php:137
Stack trace:
#0 D:\5735512083\242-320 Software Development Methodologies\Homework\Antwickler\vendor\laravel\framework\src\Illuminate\View\Engines\PhpEngine.php(44): Illuminate\View\Engines\CompilerEngine->handleViewException(Object(InvalidArgumentException), 1)
#1 D:\5735512083\242-320 Software Development Methodologies\Homework\Antwickler\vendor\laravel\framework\src\Illuminate\View\Engines\CompilerEngine.php(59): Illuminate\View\Engines\PhpEngine->evaluatePath('D:\\5735512083\\2...', Array)
#2 D:\5735512083\242-320 Software Development Methodologies\Homework\Antwickler\vendor\laravel\framework\src\Illuminate\View\View.php(137): Illuminate\View\Engines\CompilerEngine->get('D:\\5735512083\\2...', Array)
#3 D:\5735512083\242-320 Software Development Methodologies\Homework\Antwickler\vendor\laravel\framework\src\Illuminate\View\View.php(120): Illuminate\View\View->getContents()
#4 D:\5735512083\242-320 Software Development Methodologies\Homework\Antwickler\vendor\laravel\framework\src\Illuminate\View\View.php(85): Illuminate\View\View->renderContents()
#5 D:\5735512083\242-320 Software Development Methodologies\Homework\Antwickler\vendor\laravel\framework\src\Illuminate\Http\Response.php(38): Illuminate\View\View->render()
#6 D:\5735512083\242-320 Software Development Methodologies\Homework\Antwickler\vendor\symfony\http-foundation\Response.php(225): Illuminate\Http\Response->setContent(Object(Illuminate\View\View))
#7 D:\5735512083\242-320 Software Development Methodologies\Homework\Antwickler\vendor\laravel\framework\src\Illuminate\Routing\Router.php(602): Symfony\Component\HttpFoundation\Response->__construct(Object(Illuminate\View\View))
#8 D:\5735512083\242-320 Software Development Methodologies\Homework\Antwickler\vendor\laravel\framework\src\Illuminate\Routing\Router.php(559): Illuminate\Routing\Router->prepareResponse(Object(Illuminate\Http\Request), Object(Illuminate\View\View))
#9 D:\5735512083\242-320 Software Development Methodologies\Homework\Antwickler\vendor\laravel\framework\src\Illuminate\Routing\Pipeline.php(30): Illuminate\Routing\Router->Illuminate\Routing\{closure}(Object(Illuminate\Http\Request))
#10 D:\5735512083\242-320 Software Development Methodologies\Homework\Antwickler\vendor\laravel\framework\src\Illuminate\Routing\Middleware\SubstituteBindings.php(41): Illuminate\Routing\Pipeline->Illuminate\Routing\{closure}(Object(Illuminate\Http\Request))
#11 D:\5735512083\242-320 Software Development Methodologies\Homework\Antwickler\vendor\laravel\framework\src\Illuminate\Pipeline\Pipeline.php(148): Illuminate\Routing\Middleware\SubstituteBindings->handle(Object(Illuminate\Http\Request), Object(Closure))
#12 D:\5735512083\242-320 Software Development Methodologies\Homework\Antwickler\vendor\laravel\framework\src\Illuminate\Routing\Pipeline.php(53): Illuminate\Pipeline\Pipeline->Illuminate\Pipeline\{closure}(Object(Illuminate\Http\Request))
#13 D:\5735512083\242-320 Software Development Methodologies\Homework\Antwickler\vendor\laravel\framework\src\Illuminate\Foundation\Http\Middleware\VerifyCsrfToken.php(65): Illuminate\Routing\Pipeline->Illuminate\Routing\{closure}(Object(Illuminate\Http\Request))
#14 D:\5735512083\242-320 Software Development Methodologies\Homework\Antwickler\vendor\laravel\framework\src\Illuminate\Pipeline\Pipeline.php(148): Illuminate\Foundation\Http\Middleware\VerifyCsrfToken->handle(Object(Illuminate\Http\Request), Object(Closure))
#15 D:\5735512083\242-320 Software Development Methodologies\Homework\Antwickler\vendor\laravel\framework\src\Illuminate\Routing\Pipeline.php(53): Illuminate\Pipeline\Pipeline->Illuminate\Pipeline\{closure}(Object(Illuminate\Http\Request))
#16 D:\5735512083\242-320 Software Development Methodologies\Homework\Antwickler\vendor\laravel\framework\src\Illuminate\View\Middleware\ShareErrorsFromSession.php(49): Illuminate\Routing\Pipeline->Illuminate\Routing\{closure}(Object(Illuminate\Http\Request))
#17 D:\5735512083\242-320 Software Development Methodologies\Homework\Antwickler\vendor\laravel\framework\src\Illuminate\Pipeline\Pipeline.php(148): Illuminate\View\Middleware\ShareErrorsFromSession->handle(Object(Illuminate\Http\Request), Object(Closure))
#18 D:\5735512083\242-320 Software Development Methodologies\Homework\Antwickler\vendor\laravel\framework\src\Illuminate\Routing\Pipeline.php(53): Illuminate\Pipeline\Pipeline->Illuminate\Pipeline\{closure}(Object(Illuminate\Http\Request))
#19 D:\5735512083\242-320 Software Development Methodologies\Homework\Antwickler\vendor\laravel\framework\src\Illuminate\Session\Middleware\StartSession.php(64): Illuminate\Routing\Pipeline->Illuminate\Routing\{closure}(Object(Illuminate\Http\Request))
#20 D:\5735512083\242-320 Software Development Methodologies\Homework\Antwickler\vendor\laravel\framework\src\Illuminate\Pipeline\Pipeline.php(148): Illuminate\Session\Middleware\StartSession->handle(Object(Illuminate\Http\Request), Object(Closure))
#21 D:\5735512083\242-320 Software Development Methodologies\Homework\Antwickler\vendor\laravel\framework\src\Illuminate\Routing\Pipeline.php(53): Illuminate\Pipeline\Pipeline->Illuminate\Pipeline\{closure}(Object(Illuminate\Http\Request))
#22 D:\5735512083\242-320 Software Development Methodologies\Homework\Antwickler\vendor\laravel\framework\src\Illuminate\Cookie\Middleware\AddQueuedCookiesToResponse.php(37): Illuminate\Routing\Pipeline->Illuminate\Routing\{closure}(Object(Illuminate\Http\Request))
#23 D:\5735512083\242-320 Software Development Methodologies\Homework\Antwickler\vendor\laravel\framework\src\Illuminate\Pipeline\Pipeline.php(148): Illuminate\Cookie\Middleware\AddQueuedCookiesToResponse->handle(Object(Illuminate\Http\Request), Object(Closure))
#24 D:\5735512083\242-320 Software Development Methodologies\Homework\Antwickler\vendor\laravel\framework\src\Illuminate\Routing\Pipeline.php(53): Illuminate\Pipeline\Pipeline->Illuminate\Pipeline\{closure}(Object(Illuminate\Http\Request))
#25 D:\5735512083\242-320 Software Development Methodologies\Homework\Antwickler\vendor\laravel\framework\src\Illuminate\Cookie\Middleware\EncryptCookies.php(59): Illuminate\Routing\Pipeline->Illuminate\Routing\{closure}(Object(Illuminate\Http\Request))
#26 D:\5735512083\242-320 Software Development Methodologies\Homework\Antwickler\vendor\laravel\framework\src\Illuminate\Pipeline\Pipeline.php(148): Illuminate\Cookie\Middleware\EncryptCookies->handle(Object(Illuminate\Http\Request), Object(Closure))
#27 D:\5735512083\242-320 Software Development Methodologies\Homework\Antwickler\vendor\laravel\framework\src\Illuminate\Routing\Pipeline.php(53): Illuminate\Pipeline\Pipeline->Illuminate\Pipeline\{closure}(Object(Illuminate\Http\Request))
#28 D:\5735512083\242-320 Software Development Methodologies\Homework\Antwickler\vendor\laravel\framework\src\Illuminate\Pipeline\Pipeline.php(102): Illuminate\Routing\Pipeline->Illuminate\Routing\{closure}(Object(Illuminate\Http\Request))
#29 D:\5735512083\242-320 Software Development Methodologies\Homework\Antwickler\vendor\laravel\framework\src\Illuminate\Routing\Router.php(561): Illuminate\Pipeline\Pipeline->then(Object(Closure))
#30 D:\5735512083\242-320 Software Development Methodologies\Homework\Antwickler\vendor\laravel\framework\src\Illuminate\Routing\Router.php(520): Illuminate\Routing\Router->runRouteWithinStack(Object(Illuminate\Routing\Route), Object(Illuminate\Http\Request))
#31 D:\5735512083\242-320 Software Development Methodologies\Homework\Antwickler\vendor\laravel\framework\src\Illuminate\Routing\Router.php(498): Illuminate\Routing\Router->dispatchToRoute(Object(Illuminate\Http\Request))
#32 D:\5735512083\242-320 Software Development Methodologies\Homework\Antwickler\vendor\laravel\framework\src\Illuminate\Foundation\Http\Kernel.php(174): Illuminate\Routing\Router->dispatch(Object(Illuminate\Http\Request))
#33 D:\5735512083\242-320 Software Development Methodologies\Homework\Antwickler\vendor\laravel\framework\src\Illuminate\Routing\Pipeline.php(30): Illuminate\Foundation\Http\Kernel->Illuminate\Foundation\Http\{closure}(Object(Illuminate\Http\Request))
#34 D:\5735512083\242-320 Software Development Methodologies\Homework\Antwickler\vendor\laravel\framework\src\Illuminate\Foundation\Http\Middleware\TransformsRequest.php(30): Illuminate\Routing\Pipeline->Illuminate\Routing\{closure}(Object(Illuminate\Http\Request))
#35 D:\5735512083\242-320 Software Development Methodologies\Homework\Antwickler\vendor\laravel\framework\src\Illuminate\Pipeline\Pipeline.php(148): Illuminate\Foundation\Http\Middleware\TransformsRequest->handle(Object(Illuminate\Http\Request), Object(Closure))
#36 D:\5735512083\242-320 Software Development Methodologies\Homework\Antwickler\vendor\laravel\framework\src\Illuminate\Routing\Pipeline.php(53): Illuminate\Pipeline\Pipeline->Illuminate\Pipeline\{closure}(Object(Illuminate\Http\Request))
#37 D:\5735512083\242-320 Software Development Methodologies\Homework\Antwickler\vendor\laravel\framework\src\Illuminate\Foundation\Http\Middleware\TransformsRequest.php(30): Illuminate\Routing\Pipeline->Illuminate\Routing\{closure}(Object(Illuminate\Http\Request))
#38 D:\5735512083\242-320 Software Development Methodologies\Homework\Antwickler\vendor\laravel\framework\src\Illuminate\Pipeline\Pipeline.php(148): Illuminate\Foundation\Http\Middleware\TransformsRequest->handle(Object(Illuminate\Http\Request), Object(Closure))
#39 D:\5735512083\242-320 Software Development Methodologies\Homework\Antwickler\vendor\laravel\framework\src\Illuminate\Routing\Pipeline.php(53): Illuminate\Pipeline\Pipeline->Illuminate\Pipeline\{closure}(Object(Illuminate\Http\Request))
#40 D:\5735512083\242-320 Software Development Methodologies\Homework\Antwickler\vendor\laravel\framework\src\Illuminate\Foundation\Http\Middleware\ValidatePostSize.php(27): Illuminate\Routing\Pipeline->Illuminate\Routing\{closure}(Object(Illuminate\Http\Request))
#41 D:\5735512083\242-320 Software Development Methodologies\Homework\Antwickler\vendor\laravel\framework\src\Illuminate\Pipeline\Pipeline.php(148): Illuminate\Foundation\Http\Middleware\ValidatePostSize->handle(Object(Illuminate\Http\Request), Object(Closure))
#42 D:\5735512083\242-320 Software Development Methodologies\Homework\Antwickler\vendor\laravel\framework\src\Illuminate\Routing\Pipeline.php(53): Illuminate\Pipeline\Pipeline->Illuminate\Pipeline\{closure}(Object(Illuminate\Http\Request))
#43 D:\5735512083\242-320 Software Development Methodologies\Homework\Antwickler\vendor\laravel\framework\src\Illuminate\Foundation\Http\Middleware\CheckForMaintenanceMode.php(46): Illuminate\Routing\Pipeline->Illuminate\Routing\{closure}(Object(Illuminate\Http\Request))
#44 D:\5735512083\242-320 Software Development Methodologies\Homework\Antwickler\vendor\laravel\framework\src\Illuminate\Pipeline\Pipeline.php(148): Illuminate\Foundation\Http\Middleware\CheckForMaintenanceMode->handle(Object(Illuminate\Http\Request), Object(Closure))
#45 D:\5735512083\242-320 Software Development Methodologies\Homework\Antwickler\vendor\laravel\framework\src\Illuminate\Routing\Pipeline.php(53): Illuminate\Pipeline\Pipeline->Illuminate\Pipeline\{closure}(Object(Illuminate\Http\Request))
#46 D:\5735512083\242-320 Software Development Methodologies\Homework\Antwickler\vendor\laravel\framework\src\Illuminate\Pipeline\Pipeline.php(102): Illuminate\Routing\Pipeline->Illuminate\Routing\{closure}(Object(Illuminate\Http\Request))
#47 D:\5735512083\242-320 Software Development Methodologies\Homework\Antwickler\vendor\laravel\framework\src\Illuminate\Foundation\Http\Kernel.php(149): Illuminate\Pipeline\Pipeline->then(Object(Closure))
#48 D:\5735512083\242-320 Software Development Methodologies\Homework\Antwickler\vendor\laravel\framework\src\Illuminate\Foundation\Http\Kernel.php(116): Illuminate\Foundation\Http\Kernel->sendRequestThroughRouter(Object(Illuminate\Http\Request))
#49 D:\5735512083\242-320 Software Development Methodologies\Homework\Antwickler\public\index.php(53): Illuminate\Foundation\Http\Kernel->handle(Object(Illuminate\Http\Request))
#50 D:\5735512083\242-320 Software Development Methodologies\Homework\Antwickler\server.php(21): require_once('D:\\5735512083\\2...')
#51 {main}  
[2017-03-21 17:39:52] local.ERROR: Symfony\Component\Debug\Exception\FatalErrorException: Non-abstract method App\Http\Controllers\Controller::callMeDirectlyFromUrl() must contain body in D:\5735512083\242-320 Software Development Methodologies\Homework\Antwickler\app\Http\Controllers\Controller.php:14
Stack trace:
#0 {main}  
[2017-03-29 10:19:39] local.ERROR: InvalidArgumentException: View [about] not found. in D:\5735512083\242-320 Software Development Methodologies\Homework\Antwickler\vendor\laravel\framework\src\Illuminate\View\FileViewFinder.php:137
Stack trace:
#0 D:\5735512083\242-320 Software Development Methodologies\Homework\Antwickler\vendor\laravel\framework\src\Illuminate\View\FileViewFinder.php(79): Illuminate\View\FileViewFinder->findInPaths('about', Array)
#1 D:\5735512083\242-320 Software Development Methodologies\Homework\Antwickler\vendor\laravel\framework\src\Illuminate\View\Factory.php(128): Illuminate\View\FileViewFinder->find('about')
#2 D:\5735512083\242-320 Software Development Methodologies\Homework\Antwickler\vendor\laravel\framework\src\Illuminate\Foundation\helpers.php(914): Illuminate\View\Factory->make('about', Array, Array)
#3 D:\5735512083\242-320 Software Development Methodologies\Homework\Antwickler\routes\web.php(8): view('about')
#4 D:\5735512083\242-320 Software Development Methodologies\Homework\Antwickler\vendor\laravel\framework\src\Illuminate\Routing\Route.php(189): Illuminate\Routing\Router->{closure}()
#5 D:\5735512083\242-320 Software Development Methodologies\Homework\Antwickler\vendor\laravel\framework\src\Illuminate\Routing\Route.php(163): Illuminate\Routing\Route->runCallable()
#6 D:\5735512083\242-320 Software Development Methodologies\Homework\Antwickler\vendor\laravel\framework\src\Illuminate\Routing\Router.php(559): Illuminate\Routing\Route->run()
#7 D:\5735512083\242-320 Software Development Methodologies\Homework\Antwickler\vendor\laravel\framework\src\Illuminate\Routing\Pipeline.php(30): Illuminate\Routing\Router->Illuminate\Routing\{closure}(Object(Illuminate\Http\Request))
#8 D:\5735512083\242-320 Software Development Methodologies\Homework\Antwickler\vendor\laravel\framework\src\Illuminate\Routing\Middleware\SubstituteBindings.php(41): Illuminate\Routing\Pipeline->Illuminate\Routing\{closure}(Object(Illuminate\Http\Request))
#9 D:\5735512083\242-320 Software Development Methodologies\Homework\Antwickler\vendor\laravel\framework\src\Illuminate\Pipeline\Pipeline.php(148): Illuminate\Routing\Middleware\SubstituteBindings->handle(Object(Illuminate\Http\Request), Object(Closure))
#10 D:\5735512083\242-320 Software Development Methodologies\Homework\Antwickler\vendor\laravel\framework\src\Illuminate\Routing\Pipeline.php(53): Illuminate\Pipeline\Pipeline->Illuminate\Pipeline\{closure}(Object(Illuminate\Http\Request))
#11 D:\5735512083\242-320 Software Development Methodologies\Homework\Antwickler\vendor\laravel\framework\src\Illuminate\Foundation\Http\Middleware\VerifyCsrfToken.php(65): Illuminate\Routing\Pipeline->Illuminate\Routing\{closure}(Object(Illuminate\Http\Request))
#12 D:\5735512083\242-320 Software Development Methodologies\Homework\Antwickler\vendor\laravel\framework\src\Illuminate\Pipeline\Pipeline.php(148): Illuminate\Foundation\Http\Middleware\VerifyCsrfToken->handle(Object(Illuminate\Http\Request), Object(Closure))
#13 D:\5735512083\242-320 Software Development Methodologies\Homework\Antwickler\vendor\laravel\framework\src\Illuminate\Routing\Pipeline.php(53): Illuminate\Pipeline\Pipeline->Illuminate\Pipeline\{closure}(Object(Illuminate\Http\Request))
#14 D:\5735512083\242-320 Software Development Methodologies\Homework\Antwickler\vendor\laravel\framework\src\Illuminate\View\Middleware\ShareErrorsFromSession.php(49): Illuminate\Routing\Pipeline->Illuminate\Routing\{closure}(Object(Illuminate\Http\Request))
#15 D:\5735512083\242-320 Software Development Methodologies\Homework\Antwickler\vendor\laravel\framework\src\Illuminate\Pipeline\Pipeline.php(148): Illuminate\View\Middleware\ShareErrorsFromSession->handle(Object(Illuminate\Http\Request), Object(Closure))
#16 D:\5735512083\242-320 Software Development Methodologies\Homework\Antwickler\vendor\laravel\framework\src\Illuminate\Routing\Pipeline.php(53): Illuminate\Pipeline\Pipeline->Illuminate\Pipeline\{closure}(Object(Illuminate\Http\Request))
#17 D:\5735512083\242-320 Software Development Methodologies\Homework\Antwickler\vendor\laravel\framework\src\Illuminate\Session\Middleware\StartSession.php(64): Illuminate\Routing\Pipeline->Illuminate\Routing\{closure}(Object(Illuminate\Http\Request))
#18 D:\5735512083\242-320 Software Development Methodologies\Homework\Antwickler\vendor\laravel\framework\src\Illuminate\Pipeline\Pipeline.php(148): Illuminate\Session\Middleware\StartSession->handle(Object(Illuminate\Http\Request), Object(Closure))
#19 D:\5735512083\242-320 Software Development Methodologies\Homework\Antwickler\vendor\laravel\framework\src\Illuminate\Routing\Pipeline.php(53): Illuminate\Pipeline\Pipeline->Illuminate\Pipeline\{closure}(Object(Illuminate\Http\Request))
#20 D:\5735512083\242-320 Software Development Methodologies\Homework\Antwickler\vendor\laravel\framework\src\Illuminate\Cookie\Middleware\AddQueuedCookiesToResponse.php(37): Illuminate\Routing\Pipeline->Illuminate\Routing\{closure}(Object(Illuminate\Http\Request))
#21 D:\5735512083\242-320 Software Development Methodologies\Homework\Antwickler\vendor\laravel\framework\src\Illuminate\Pipeline\Pipeline.php(148): Illuminate\Cookie\Middleware\AddQueuedCookiesToResponse->handle(Object(Illuminate\Http\Request), Object(Closure))
#22 D:\5735512083\242-320 Software Development Methodologies\Homework\Antwickler\vendor\laravel\framework\src\Illuminate\Routing\Pipeline.php(53): Illuminate\Pipeline\Pipeline->Illuminate\Pipeline\{closure}(Object(Illuminate\Http\Request))
#23 D:\5735512083\242-320 Software Development Methodologies\Homework\Antwickler\vendor\laravel\framework\src\Illuminate\Cookie\Middleware\EncryptCookies.php(59): Illuminate\Routing\Pipeline->Illuminate\Routing\{closure}(Object(Illuminate\Http\Request))
#24 D:\5735512083\242-320 Software Development Methodologies\Homework\Antwickler\vendor\laravel\framework\src\Illuminate\Pipeline\Pipeline.php(148): Illuminate\Cookie\Middleware\EncryptCookies->handle(Object(Illuminate\Http\Request), Object(Closure))
#25 D:\5735512083\242-320 Software Development Methodologies\Homework\Antwickler\vendor\laravel\framework\src\Illuminate\Routing\Pipeline.php(53): Illuminate\Pipeline\Pipeline->Illuminate\Pipeline\{closure}(Object(Illuminate\Http\Request))
#26 D:\5735512083\242-320 Software Development Methodologies\Homework\Antwickler\vendor\laravel\framework\src\Illuminate\Pipeline\Pipeline.php(102): Illuminate\Routing\Pipeline->Illuminate\Routing\{closure}(Object(Illuminate\Http\Request))
#27 D:\5735512083\242-320 Software Development Methodologies\Homework\Antwickler\vendor\laravel\framework\src\Illuminate\Routing\Router.php(561): Illuminate\Pipeline\Pipeline->then(Object(Closure))
#28 D:\5735512083\242-320 Software Development Methodologies\Homework\Antwickler\vendor\laravel\framework\src\Illuminate\Routing\Router.php(520): Illuminate\Routing\Router->runRouteWithinStack(Object(Illuminate\Routing\Route), Object(Illuminate\Http\Request))
#29 D:\5735512083\242-320 Software Development Methodologies\Homework\Antwickler\vendor\laravel\framework\src\Illuminate\Routing\Router.php(498): Illuminate\Routing\Router->dispatchToRoute(Object(Illuminate\Http\Request))
#30 D:\5735512083\242-320 Software Development Methodologies\Homework\Antwickler\vendor\laravel\framework\src\Illuminate\Foundation\Http\Kernel.php(174): Illuminate\Routing\Router->dispatch(Object(Illuminate\Http\Request))
#31 D:\5735512083\242-320 Software Development Methodologies\Homework\Antwickler\vendor\laravel\framework\src\Illuminate\Routing\Pipeline.php(30): Illuminate\Foundation\Http\Kernel->Illuminate\Foundation\Http\{closure}(Object(Illuminate\Http\Request))
#32 D:\5735512083\242-320 Software Development Methodologies\Homework\Antwickler\vendor\laravel\framework\src\Illuminate\Foundation\Http\Middleware\TransformsRequest.php(30): Illuminate\Routing\Pipeline->Illuminate\Routing\{closure}(Object(Illuminate\Http\Request))
#33 D:\5735512083\242-320 Software Development Methodologies\Homework\Antwickler\vendor\laravel\framework\src\Illuminate\Pipeline\Pipeline.php(148): Illuminate\Foundation\Http\Middleware\TransformsRequest->handle(Object(Illuminate\Http\Request), Object(Closure))
#34 D:\5735512083\242-320 Software Development Methodologies\Homework\Antwickler\vendor\laravel\framework\src\Illuminate\Routing\Pipeline.php(53): Illuminate\Pipeline\Pipeline->Illuminate\Pipeline\{closure}(Object(Illuminate\Http\Request))
#35 D:\5735512083\242-320 Software Development Methodologies\Homework\Antwickler\vendor\laravel\framework\src\Illuminate\Foundation\Http\Middleware\TransformsRequest.php(30): Illuminate\Routing\Pipeline->Illuminate\Routing\{closure}(Object(Illuminate\Http\Request))
#36 D:\5735512083\242-320 Software Development Methodologies\Homework\Antwickler\vendor\laravel\framework\src\Illuminate\Pipeline\Pipeline.php(148): Illuminate\Foundation\Http\Middleware\TransformsRequest->handle(Object(Illuminate\Http\Request), Object(Closure))
#37 D:\5735512083\242-320 Software Development Methodologies\Homework\Antwickler\vendor\laravel\framework\src\Illuminate\Routing\Pipeline.php(53): Illuminate\Pipeline\Pipeline->Illuminate\Pipeline\{closure}(Object(Illuminate\Http\Request))
#38 D:\5735512083\242-320 Software Development Methodologies\Homework\Antwickler\vendor\laravel\framework\src\Illuminate\Foundation\Http\Middleware\ValidatePostSize.php(27): Illuminate\Routing\Pipeline->Illuminate\Routing\{closure}(Object(Illuminate\Http\Request))
#39 D:\5735512083\242-320 Software Development Methodologies\Homework\Antwickler\vendor\laravel\framework\src\Illuminate\Pipeline\Pipeline.php(148): Illuminate\Foundation\Http\Middleware\ValidatePostSize->handle(Object(Illuminate\Http\Request), Object(Closure))
#40 D:\5735512083\242-320 Software Development Methodologies\Homework\Antwickler\vendor\laravel\framework\src\Illuminate\Routing\Pipeline.php(53): Illuminate\Pipeline\Pipeline->Illuminate\Pipeline\{closure}(Object(Illuminate\Http\Request))
#41 D:\5735512083\242-320 Software Development Methodologies\Homework\Antwickler\vendor\laravel\framework\src\Illuminate\Foundation\Http\Middleware\CheckForMaintenanceMode.php(46): Illuminate\Routing\Pipeline->Illuminate\Routing\{closure}(Object(Illuminate\Http\Request))
#42 D:\5735512083\242-320 Software Development Methodologies\Homework\Antwickler\vendor\laravel\framework\src\Illuminate\Pipeline\Pipeline.php(148): Illuminate\Foundation\Http\Middleware\CheckForMaintenanceMode->handle(Object(Illuminate\Http\Request), Object(Closure))
#43 D:\5735512083\242-320 Software Development Methodologies\Homework\Antwickler\vendor\laravel\framework\src\Illuminate\Routing\Pipeline.php(53): Illuminate\Pipeline\Pipeline->Illuminate\Pipeline\{closure}(Object(Illuminate\Http\Request))
#44 D:\5735512083\242-320 Software Development Methodologies\Homework\Antwickler\vendor\laravel\framework\src\Illuminate\Pipeline\Pipeline.php(102): Illuminate\Routing\Pipeline->Illuminate\Routing\{closure}(Object(Illuminate\Http\Request))
#45 D:\5735512083\242-320 Software Development Methodologies\Homework\Antwickler\vendor\laravel\framework\src\Illuminate\Foundation\Http\Kernel.php(149): Illuminate\Pipeline\Pipeline->then(Object(Closure))
#46 D:\5735512083\242-320 Software Development Methodologies\Homework\Antwickler\vendor\laravel\framework\src\Illuminate\Foundation\Http\Kernel.php(116): Illuminate\Foundation\Http\Kernel->sendRequestThroughRouter(Object(Illuminate\Http\Request))
#47 D:\5735512083\242-320 Software Development Methodologies\Homework\Antwickler\public\index.php(53): Illuminate\Foundation\Http\Kernel->handle(Object(Illuminate\Http\Request))
#48 D:\5735512083\242-320 Software Development Methodologies\Homework\Antwickler\server.php(21): require_once('D:\\5735512083\\2...')
#49 {main}  
[2017-03-29 20:08:47] local.ERROR: InvalidArgumentException: View [calculator.index] not found. in D:\5735512083\242-320 Software Development Methodologies\Homework\Antwickler\vendor\laravel\framework\src\Illuminate\View\FileViewFinder.php:137
Stack trace:
#0 D:\5735512083\242-320 Software Development Methodologies\Homework\Antwickler\vendor\laravel\framework\src\Illuminate\View\FileViewFinder.php(79): Illuminate\View\FileViewFinder->findInPaths('calculator.inde...', Array)
#1 D:\5735512083\242-320 Software Development Methodologies\Homework\Antwickler\vendor\laravel\framework\src\Illuminate\View\Factory.php(128): Illuminate\View\FileViewFinder->find('calculator.inde...')
#2 D:\5735512083\242-320 Software Development Methodologies\Homework\Antwickler\vendor\laravel\framework\src\Illuminate\Foundation\helpers.php(914): Illuminate\View\Factory->make('calculator.inde...', Array, Array)
#3 D:\5735512083\242-320 Software Development Methodologies\Homework\Antwickler\app\Http\Controllers\SignupController.php(12): view('calculator.inde...')
#4 [internal function]: App\Http\Controllers\SignupController->index()
#5 D:\5735512083\242-320 Software Development Methodologies\Homework\Antwickler\vendor\laravel\framework\src\Illuminate\Routing\Controller.php(55): call_user_func_array(Array, Array)
#6 D:\5735512083\242-320 Software Development Methodologies\Homework\Antwickler\vendor\laravel\framework\src\Illuminate\Routing\ControllerDispatcher.php(44): Illuminate\Routing\Controller->callAction('index', Array)
#7 D:\5735512083\242-320 Software Development Methodologies\Homework\Antwickler\vendor\laravel\framework\src\Illuminate\Routing\Route.php(203): Illuminate\Routing\ControllerDispatcher->dispatch(Object(Illuminate\Routing\Route), Object(App\Http\Controllers\SignupController), 'index')
#8 D:\5735512083\242-320 Software Development Methodologies\Homework\Antwickler\vendor\laravel\framework\src\Illuminate\Routing\Route.php(160): Illuminate\Routing\Route->runController()
#9 D:\5735512083\242-320 Software Development Methodologies\Homework\Antwickler\vendor\laravel\framework\src\Illuminate\Routing\Router.php(559): Illuminate\Routing\Route->run()
#10 D:\5735512083\242-320 Software Development Methodologies\Homework\Antwickler\vendor\laravel\framework\src\Illuminate\Routing\Pipeline.php(30): Illuminate\Routing\Router->Illuminate\Routing\{closure}(Object(Illuminate\Http\Request))
#11 D:\5735512083\242-320 Software Development Methodologies\Homework\Antwickler\vendor\laravel\framework\src\Illuminate\Routing\Middleware\SubstituteBindings.php(41): Illuminate\Routing\Pipeline->Illuminate\Routing\{closure}(Object(Illuminate\Http\Request))
#12 D:\5735512083\242-320 Software Development Methodologies\Homework\Antwickler\vendor\laravel\framework\src\Illuminate\Pipeline\Pipeline.php(148): Illuminate\Routing\Middleware\SubstituteBindings->handle(Object(Illuminate\Http\Request), Object(Closure))
#13 D:\5735512083\242-320 Software Development Methodologies\Homework\Antwickler\vendor\laravel\framework\src\Illuminate\Routing\Pipeline.php(53): Illuminate\Pipeline\Pipeline->Illuminate\Pipeline\{closure}(Object(Illuminate\Http\Request))
#14 D:\5735512083\242-320 Software Development Methodologies\Homework\Antwickler\vendor\laravel\framework\src\Illuminate\Foundation\Http\Middleware\VerifyCsrfToken.php(65): Illuminate\Routing\Pipeline->Illuminate\Routing\{closure}(Object(Illuminate\Http\Request))
#15 D:\5735512083\242-320 Software Development Methodologies\Homework\Antwickler\vendor\laravel\framework\src\Illuminate\Pipeline\Pipeline.php(148): Illuminate\Foundation\Http\Middleware\VerifyCsrfToken->handle(Object(Illuminate\Http\Request), Object(Closure))
#16 D:\5735512083\242-320 Software Development Methodologies\Homework\Antwickler\vendor\laravel\framework\src\Illuminate\Routing\Pipeline.php(53): Illuminate\Pipeline\Pipeline->Illuminate\Pipeline\{closure}(Object(Illuminate\Http\Request))
#17 D:\5735512083\242-320 Software Development Methodologies\Homework\Antwickler\vendor\laravel\framework\src\Illuminate\View\Middleware\ShareErrorsFromSession.php(49): Illuminate\Routing\Pipeline->Illuminate\Routing\{closure}(Object(Illuminate\Http\Request))
#18 D:\5735512083\242-320 Software Development Methodologies\Homework\Antwickler\vendor\laravel\framework\src\Illuminate\Pipeline\Pipeline.php(148): Illuminate\View\Middleware\ShareErrorsFromSession->handle(Object(Illuminate\Http\Request), Object(Closure))
#19 D:\5735512083\242-320 Software Development Methodologies\Homework\Antwickler\vendor\laravel\framework\src\Illuminate\Routing\Pipeline.php(53): Illuminate\Pipeline\Pipeline->Illuminate\Pipeline\{closure}(Object(Illuminate\Http\Request))
#20 D:\5735512083\242-320 Software Development Methodologies\Homework\Antwickler\vendor\laravel\framework\src\Illuminate\Session\Middleware\StartSession.php(64): Illuminate\Routing\Pipeline->Illuminate\Routing\{closure}(Object(Illuminate\Http\Request))
#21 D:\5735512083\242-320 Software Development Methodologies\Homework\Antwickler\vendor\laravel\framework\src\Illuminate\Pipeline\Pipeline.php(148): Illuminate\Session\Middleware\StartSession->handle(Object(Illuminate\Http\Request), Object(Closure))
#22 D:\5735512083\242-320 Software Development Methodologies\Homework\Antwickler\vendor\laravel\framework\src\Illuminate\Routing\Pipeline.php(53): Illuminate\Pipeline\Pipeline->Illuminate\Pipeline\{closure}(Object(Illuminate\Http\Request))
#23 D:\5735512083\242-320 Software Development Methodologies\Homework\Antwickler\vendor\laravel\framework\src\Illuminate\Cookie\Middleware\AddQueuedCookiesToResponse.php(37): Illuminate\Routing\Pipeline->Illuminate\Routing\{closure}(Object(Illuminate\Http\Request))
#24 D:\5735512083\242-320 Software Development Methodologies\Homework\Antwickler\vendor\laravel\framework\src\Illuminate\Pipeline\Pipeline.php(148): Illuminate\Cookie\Middleware\AddQueuedCookiesToResponse->handle(Object(Illuminate\Http\Request), Object(Closure))
#25 D:\5735512083\242-320 Software Development Methodologies\Homework\Antwickler\vendor\laravel\framework\src\Illuminate\Routing\Pipeline.php(53): Illuminate\Pipeline\Pipeline->Illuminate\Pipeline\{closure}(Object(Illuminate\Http\Request))
#26 D:\5735512083\242-320 Software Development Methodologies\Homework\Antwickler\vendor\laravel\framework\src\Illuminate\Cookie\Middleware\EncryptCookies.php(59): Illuminate\Routing\Pipeline->Illuminate\Routing\{closure}(Object(Illuminate\Http\Request))
#27 D:\5735512083\242-320 Software Development Methodologies\Homework\Antwickler\vendor\laravel\framework\src\Illuminate\Pipeline\Pipeline.php(148): Illuminate\Cookie\Middleware\EncryptCookies->handle(Object(Illuminate\Http\Request), Object(Closure))
#28 D:\5735512083\242-320 Software Development Methodologies\Homework\Antwickler\vendor\laravel\framework\src\Illuminate\Routing\Pipeline.php(53): Illuminate\Pipeline\Pipeline->Illuminate\Pipeline\{closure}(Object(Illuminate\Http\Request))
#29 D:\5735512083\242-320 Software Development Methodologies\Homework\Antwickler\vendor\laravel\framework\src\Illuminate\Pipeline\Pipeline.php(102): Illuminate\Routing\Pipeline->Illuminate\Routing\{closure}(Object(Illuminate\Http\Request))
#30 D:\5735512083\242-320 Software Development Methodologies\Homework\Antwickler\vendor\laravel\framework\src\Illuminate\Routing\Router.php(561): Illuminate\Pipeline\Pipeline->then(Object(Closure))
#31 D:\5735512083\242-320 Software Development Methodologies\Homework\Antwickler\vendor\laravel\framework\src\Illuminate\Routing\Router.php(520): Illuminate\Routing\Router->runRouteWithinStack(Object(Illuminate\Routing\Route), Object(Illuminate\Http\Request))
#32 D:\5735512083\242-320 Software Development Methodologies\Homework\Antwickler\vendor\laravel\framework\src\Illuminate\Routing\Router.php(498): Illuminate\Routing\Router->dispatchToRoute(Object(Illuminate\Http\Request))
#33 D:\5735512083\242-320 Software Development Methodologies\Homework\Antwickler\vendor\laravel\framework\src\Illuminate\Foundation\Http\Kernel.php(174): Illuminate\Routing\Router->dispatch(Object(Illuminate\Http\Request))
#34 D:\5735512083\242-320 Software Development Methodologies\Homework\Antwickler\vendor\laravel\framework\src\Illuminate\Routing\Pipeline.php(30): Illuminate\Foundation\Http\Kernel->Illuminate\Foundation\Http\{closure}(Object(Illuminate\Http\Request))
#35 D:\5735512083\242-320 Software Development Methodologies\Homework\Antwickler\vendor\laravel\framework\src\Illuminate\Foundation\Http\Middleware\TransformsRequest.php(30): Illuminate\Routing\Pipeline->Illuminate\Routing\{closure}(Object(Illuminate\Http\Request))
#36 D:\5735512083\242-320 Software Development Methodologies\Homework\Antwickler\vendor\laravel\framework\src\Illuminate\Pipeline\Pipeline.php(148): Illuminate\Foundation\Http\Middleware\TransformsRequest->handle(Object(Illuminate\Http\Request), Object(Closure))
#37 D:\5735512083\242-320 Software Development Methodologies\Homework\Antwickler\vendor\laravel\framework\src\Illuminate\Routing\Pipeline.php(53): Illuminate\Pipeline\Pipeline->Illuminate\Pipeline\{closure}(Object(Illuminate\Http\Request))
#38 D:\5735512083\242-320 Software Development Methodologies\Homework\Antwickler\vendor\laravel\framework\src\Illuminate\Foundation\Http\Middleware\TransformsRequest.php(30): Illuminate\Routing\Pipeline->Illuminate\Routing\{closure}(Object(Illuminate\Http\Request))
#39 D:\5735512083\242-320 Software Development Methodologies\Homework\Antwickler\vendor\laravel\framework\src\Illuminate\Pipeline\Pipeline.php(148): Illuminate\Foundation\Http\Middleware\TransformsRequest->handle(Object(Illuminate\Http\Request), Object(Closure))
#40 D:\5735512083\242-320 Software Development Methodologies\Homework\Antwickler\vendor\laravel\framework\src\Illuminate\Routing\Pipeline.php(53): Illuminate\Pipeline\Pipeline->Illuminate\Pipeline\{closure}(Object(Illuminate\Http\Request))
#41 D:\5735512083\242-320 Software Development Methodologies\Homework\Antwickler\vendor\laravel\framework\src\Illuminate\Foundation\Http\Middleware\ValidatePostSize.php(27): Illuminate\Routing\Pipeline->Illuminate\Routing\{closure}(Object(Illuminate\Http\Request))
#42 D:\5735512083\242-320 Software Development Methodologies\Homework\Antwickler\vendor\laravel\framework\src\Illuminate\Pipeline\Pipeline.php(148): Illuminate\Foundation\Http\Middleware\ValidatePostSize->handle(Object(Illuminate\Http\Request), Object(Closure))
#43 D:\5735512083\242-320 Software Development Methodologies\Homework\Antwickler\vendor\laravel\framework\src\Illuminate\Routing\Pipeline.php(53): Illuminate\Pipeline\Pipeline->Illuminate\Pipeline\{closure}(Object(Illuminate\Http\Request))
#44 D:\5735512083\242-320 Software Development Methodologies\Homework\Antwickler\vendor\laravel\framework\src\Illuminate\Foundation\Http\Middleware\CheckForMaintenanceMode.php(46): Illuminate\Routing\Pipeline->Illuminate\Routing\{closure}(Object(Illuminate\Http\Request))
#45 D:\5735512083\242-320 Software Development Methodologies\Homework\Antwickler\vendor\laravel\framework\src\Illuminate\Pipeline\Pipeline.php(148): Illuminate\Foundation\Http\Middleware\CheckForMaintenanceMode->handle(Object(Illuminate\Http\Request), Object(Closure))
#46 D:\5735512083\242-320 Software Development Methodologies\Homework\Antwickler\vendor\laravel\framework\src\Illuminate\Routing\Pipeline.php(53): Illuminate\Pipeline\Pipeline->Illuminate\Pipeline\{closure}(Object(Illuminate\Http\Request))
#47 D:\5735512083\242-320 Software Development Methodologies\Homework\Antwickler\vendor\laravel\framework\src\Illuminate\Pipeline\Pipeline.php(102): Illuminate\Routing\Pipeline->Illuminate\Routing\{closure}(Object(Illuminate\Http\Request))
#48 D:\5735512083\242-320 Software Development Methodologies\Homework\Antwickler\vendor\laravel\framework\src\Illuminate\Foundation\Http\Kernel.php(149): Illuminate\Pipeline\Pipeline->then(Object(Closure))
#49 D:\5735512083\242-320 Software Development Methodologies\Homework\Antwickler\vendor\laravel\framework\src\Illuminate\Foundation\Http\Kernel.php(116): Illuminate\Foundation\Http\Kernel->sendRequestThroughRouter(Object(Illuminate\Http\Request))
#50 D:\5735512083\242-320 Software Development Methodologies\Homework\Antwickler\public\index.php(53): Illuminate\Foundation\Http\Kernel->handle(Object(Illuminate\Http\Request))
#51 D:\5735512083\242-320 Software Development Methodologies\Homework\Antwickler\server.php(21): require_once('D:\\5735512083\\2...')
#52 {main}  
[2017-03-29 20:50:03] local.ERROR: Symfony\Component\Debug\Exception\FatalThrowableError: Call to a member function session() on null in D:\5735512083\242-320 Software Development Methodologies\Homework\Antwickler\app\Http\Controllers\SignupController.php:42
Stack trace:
#0 [internal function]: App\Http\Controllers\SignupController->signup(Object(Illuminate\Http\Request))
#1 D:\5735512083\242-320 Software Development Methodologies\Homework\Antwickler\vendor\laravel\framework\src\Illuminate\Routing\Controller.php(55): call_user_func_array(Array, Array)
#2 D:\5735512083\242-320 Software Development Methodologies\Homework\Antwickler\vendor\laravel\framework\src\Illuminate\Routing\ControllerDispatcher.php(44): Illuminate\Routing\Controller->callAction('signup', Array)
#3 D:\5735512083\242-320 Software Development Methodologies\Homework\Antwickler\vendor\laravel\framework\src\Illuminate\Routing\Route.php(203): Illuminate\Routing\ControllerDispatcher->dispatch(Object(Illuminate\Routing\Route), Object(App\Http\Controllers\SignupController), 'signup')
#4 D:\5735512083\242-320 Software Development Methodologies\Homework\Antwickler\vendor\laravel\framework\src\Illuminate\Routing\Route.php(160): Illuminate\Routing\Route->runController()
#5 D:\5735512083\242-320 Software Development Methodologies\Homework\Antwickler\vendor\laravel\framework\src\Illuminate\Routing\Router.php(559): Illuminate\Routing\Route->run()
#6 D:\5735512083\242-320 Software Development Methodologies\Homework\Antwickler\vendor\laravel\framework\src\Illuminate\Routing\Pipeline.php(30): Illuminate\Routing\Router->Illuminate\Routing\{closure}(Object(Illuminate\Http\Request))
#7 D:\5735512083\242-320 Software Development Methodologies\Homework\Antwickler\vendor\laravel\framework\src\Illuminate\Routing\Middleware\SubstituteBindings.php(41): Illuminate\Routing\Pipeline->Illuminate\Routing\{closure}(Object(Illuminate\Http\Request))
#8 D:\5735512083\242-320 Software Development Methodologies\Homework\Antwickler\vendor\laravel\framework\src\Illuminate\Pipeline\Pipeline.php(148): Illuminate\Routing\Middleware\SubstituteBindings->handle(Object(Illuminate\Http\Request), Object(Closure))
#9 D:\5735512083\242-320 Software Development Methodologies\Homework\Antwickler\vendor\laravel\framework\src\Illuminate\Routing\Pipeline.php(53): Illuminate\Pipeline\Pipeline->Illuminate\Pipeline\{closure}(Object(Illuminate\Http\Request))
#10 D:\5735512083\242-320 Software Development Methodologies\Homework\Antwickler\vendor\laravel\framework\src\Illuminate\Foundation\Http\Middleware\VerifyCsrfToken.php(65): Illuminate\Routing\Pipeline->Illuminate\Routing\{closure}(Object(Illuminate\Http\Request))
#11 D:\5735512083\242-320 Software Development Methodologies\Homework\Antwickler\vendor\laravel\framework\src\Illuminate\Pipeline\Pipeline.php(148): Illuminate\Foundation\Http\Middleware\VerifyCsrfToken->handle(Object(Illuminate\Http\Request), Object(Closure))
#12 D:\5735512083\242-320 Software Development Methodologies\Homework\Antwickler\vendor\laravel\framework\src\Illuminate\Routing\Pipeline.php(53): Illuminate\Pipeline\Pipeline->Illuminate\Pipeline\{closure}(Object(Illuminate\Http\Request))
#13 D:\5735512083\242-320 Software Development Methodologies\Homework\Antwickler\vendor\laravel\framework\src\Illuminate\View\Middleware\ShareErrorsFromSession.php(49): Illuminate\Routing\Pipeline->Illuminate\Routing\{closure}(Object(Illuminate\Http\Request))
#14 D:\5735512083\242-320 Software Development Methodologies\Homework\Antwickler\vendor\laravel\framework\src\Illuminate\Pipeline\Pipeline.php(148): Illuminate\View\Middleware\ShareErrorsFromSession->handle(Object(Illuminate\Http\Request), Object(Closure))
#15 D:\5735512083\242-320 Software Development Methodologies\Homework\Antwickler\vendor\laravel\framework\src\Illuminate\Routing\Pipeline.php(53): Illuminate\Pipeline\Pipeline->Illuminate\Pipeline\{closure}(Object(Illuminate\Http\Request))
#16 D:\5735512083\242-320 Software Development Methodologies\Homework\Antwickler\vendor\laravel\framework\src\Illuminate\Session\Middleware\StartSession.php(64): Illuminate\Routing\Pipeline->Illuminate\Routing\{closure}(Object(Illuminate\Http\Request))
#17 D:\5735512083\242-320 Software Development Methodologies\Homework\Antwickler\vendor\laravel\framework\src\Illuminate\Pipeline\Pipeline.php(148): Illuminate\Session\Middleware\StartSession->handle(Object(Illuminate\Http\Request), Object(Closure))
#18 D:\5735512083\242-320 Software Development Methodologies\Homework\Antwickler\vendor\laravel\framework\src\Illuminate\Routing\Pipeline.php(53): Illuminate\Pipeline\Pipeline->Illuminate\Pipeline\{closure}(Object(Illuminate\Http\Request))
#19 D:\5735512083\242-320 Software Development Methodologies\Homework\Antwickler\vendor\laravel\framework\src\Illuminate\Cookie\Middleware\AddQueuedCookiesToResponse.php(37): Illuminate\Routing\Pipeline->Illuminate\Routing\{closure}(Object(Illuminate\Http\Request))
#20 D:\5735512083\242-320 Software Development Methodologies\Homework\Antwickler\vendor\laravel\framework\src\Illuminate\Pipeline\Pipeline.php(148): Illuminate\Cookie\Middleware\AddQueuedCookiesToResponse->handle(Object(Illuminate\Http\Request), Object(Closure))
#21 D:\5735512083\242-320 Software Development Methodologies\Homework\Antwickler\vendor\laravel\framework\src\Illuminate\Routing\Pipeline.php(53): Illuminate\Pipeline\Pipeline->Illuminate\Pipeline\{closure}(Object(Illuminate\Http\Request))
#22 D:\5735512083\242-320 Software Development Methodologies\Homework\Antwickler\vendor\laravel\framework\src\Illuminate\Cookie\Middleware\EncryptCookies.php(59): Illuminate\Routing\Pipeline->Illuminate\Routing\{closure}(Object(Illuminate\Http\Request))
#23 D:\5735512083\242-320 Software Development Methodologies\Homework\Antwickler\vendor\laravel\framework\src\Illuminate\Pipeline\Pipeline.php(148): Illuminate\Cookie\Middleware\EncryptCookies->handle(Object(Illuminate\Http\Request), Object(Closure))
#24 D:\5735512083\242-320 Software Development Methodologies\Homework\Antwickler\vendor\laravel\framework\src\Illuminate\Routing\Pipeline.php(53): Illuminate\Pipeline\Pipeline->Illuminate\Pipeline\{closure}(Object(Illuminate\Http\Request))
#25 D:\5735512083\242-320 Software Development Methodologies\Homework\Antwickler\vendor\laravel\framework\src\Illuminate\Pipeline\Pipeline.php(102): Illuminate\Routing\Pipeline->Illuminate\Routing\{closure}(Object(Illuminate\Http\Request))
#26 D:\5735512083\242-320 Software Development Methodologies\Homework\Antwickler\vendor\laravel\framework\src\Illuminate\Routing\Router.php(561): Illuminate\Pipeline\Pipeline->then(Object(Closure))
#27 D:\5735512083\242-320 Software Development Methodologies\Homework\Antwickler\vendor\laravel\framework\src\Illuminate\Routing\Router.php(520): Illuminate\Routing\Router->runRouteWithinStack(Object(Illuminate\Routing\Route), Object(Illuminate\Http\Request))
#28 D:\5735512083\242-320 Software Development Methodologies\Homework\Antwickler\vendor\laravel\framework\src\Illuminate\Routing\Router.php(498): Illuminate\Routing\Router->dispatchToRoute(Object(Illuminate\Http\Request))
#29 D:\5735512083\242-320 Software Development Methodologies\Homework\Antwickler\vendor\laravel\framework\src\Illuminate\Foundation\Http\Kernel.php(174): Illuminate\Routing\Router->dispatch(Object(Illuminate\Http\Request))
#30 D:\5735512083\242-320 Software Development Methodologies\Homework\Antwickler\vendor\laravel\framework\src\Illuminate\Routing\Pipeline.php(30): Illuminate\Foundation\Http\Kernel->Illuminate\Foundation\Http\{closure}(Object(Illuminate\Http\Request))
#31 D:\5735512083\242-320 Software Development Methodologies\Homework\Antwickler\vendor\laravel\framework\src\Illuminate\Foundation\Http\Middleware\TransformsRequest.php(30): Illuminate\Routing\Pipeline->Illuminate\Routing\{closure}(Object(Illuminate\Http\Request))
#32 D:\5735512083\242-320 Software Development Methodologies\Homework\Antwickler\vendor\laravel\framework\src\Illuminate\Pipeline\Pipeline.php(148): Illuminate\Foundation\Http\Middleware\TransformsRequest->handle(Object(Illuminate\Http\Request), Object(Closure))
#33 D:\5735512083\242-320 Software Development Methodologies\Homework\Antwickler\vendor\laravel\framework\src\Illuminate\Routing\Pipeline.php(53): Illuminate\Pipeline\Pipeline->Illuminate\Pipeline\{closure}(Object(Illuminate\Http\Request))
#34 D:\5735512083\242-320 Software Development Methodologies\Homework\Antwickler\vendor\laravel\framework\src\Illuminate\Foundation\Http\Middleware\TransformsRequest.php(30): Illuminate\Routing\Pipeline->Illuminate\Routing\{closure}(Object(Illuminate\Http\Request))
#35 D:\5735512083\242-320 Software Development Methodologies\Homework\Antwickler\vendor\laravel\framework\src\Illuminate\Pipeline\Pipeline.php(148): Illuminate\Foundation\Http\Middleware\TransformsRequest->handle(Object(Illuminate\Http\Request), Object(Closure))
#36 D:\5735512083\242-320 Software Development Methodologies\Homework\Antwickler\vendor\laravel\framework\src\Illuminate\Routing\Pipeline.php(53): Illuminate\Pipeline\Pipeline->Illuminate\Pipeline\{closure}(Object(Illuminate\Http\Request))
#37 D:\5735512083\242-320 Software Development Methodologies\Homework\Antwickler\vendor\laravel\framework\src\Illuminate\Foundation\Http\Middleware\ValidatePostSize.php(27): Illuminate\Routing\Pipeline->Illuminate\Routing\{closure}(Object(Illuminate\Http\Request))
#38 D:\5735512083\242-320 Software Development Methodologies\Homework\Antwickler\vendor\laravel\framework\src\Illuminate\Pipeline\Pipeline.php(148): Illuminate\Foundation\Http\Middleware\ValidatePostSize->handle(Object(Illuminate\Http\Request), Object(Closure))
#39 D:\5735512083\242-320 Software Development Methodologies\Homework\Antwickler\vendor\laravel\framework\src\Illuminate\Routing\Pipeline.php(53): Illuminate\Pipeline\Pipeline->Illuminate\Pipeline\{closure}(Object(Illuminate\Http\Request))
#40 D:\5735512083\242-320 Software Development Methodologies\Homework\Antwickler\vendor\laravel\framework\src\Illuminate\Foundation\Http\Middleware\CheckForMaintenanceMode.php(46): Illuminate\Routing\Pipeline->Illuminate\Routing\{closure}(Object(Illuminate\Http\Request))
#41 D:\5735512083\242-320 Software Development Methodologies\Homework\Antwickler\vendor\laravel\framework\src\Illuminate\Pipeline\Pipeline.php(148): Illuminate\Foundation\Http\Middleware\CheckForMaintenanceMode->handle(Object(Illuminate\Http\Request), Object(Closure))
#42 D:\5735512083\242-320 Software Development Methodologies\Homework\Antwickler\vendor\laravel\framework\src\Illuminate\Routing\Pipeline.php(53): Illuminate\Pipeline\Pipeline->Illuminate\Pipeline\{closure}(Object(Illuminate\Http\Request))
#43 D:\5735512083\242-320 Software Development Methodologies\Homework\Antwickler\vendor\laravel\framework\src\Illuminate\Pipeline\Pipeline.php(102): Illuminate\Routing\Pipeline->Illuminate\Routing\{closure}(Object(Illuminate\Http\Request))
#44 D:\5735512083\242-320 Software Development Methodologies\Homework\Antwickler\vendor\laravel\framework\src\Illuminate\Foundation\Http\Kernel.php(149): Illuminate\Pipeline\Pipeline->then(Object(Closure))
#45 D:\5735512083\242-320 Software Development Methodologies\Homework\Antwickler\vendor\laravel\framework\src\Illuminate\Foundation\Http\Kernel.php(116): Illuminate\Foundation\Http\Kernel->sendRequestThroughRouter(Object(Illuminate\Http\Request))
#46 D:\5735512083\242-320 Software Development Methodologies\Homework\Antwickler\public\index.php(53): Illuminate\Foundation\Http\Kernel->handle(Object(Illuminate\Http\Request))
#47 D:\5735512083\242-320 Software Development Methodologies\Homework\Antwickler\server.php(21): require_once('D:\\5735512083\\2...')
#48 {main}  
[2017-03-29 20:50:32] local.ERROR: ErrorException: Undefined offset: 0 in D:\5735512083\242-320 Software Development Methodologies\Homework\Antwickler\vendor\laravel\framework\src\Illuminate\View\View.php:402
Stack trace:
#0 D:\5735512083\242-320 Software Development Methodologies\Homework\Antwickler\vendor\laravel\framework\src\Illuminate\View\View.php(402): Illuminate\Foundation\Bootstrap\HandleExceptions->handleError(8, 'Undefined offse...', 'D:\\5735512083\\2...', 402, Array)
#1 D:\5735512083\242-320 Software Development Methodologies\Homework\Antwickler\app\Http\Controllers\SignupController.php(42): Illuminate\View\View->__call('withSession', Array)
#2 [internal function]: App\Http\Controllers\SignupController->signup(Object(Illuminate\Http\Request))
#3 D:\5735512083\242-320 Software Development Methodologies\Homework\Antwickler\vendor\laravel\framework\src\Illuminate\Routing\Controller.php(55): call_user_func_array(Array, Array)
#4 D:\5735512083\242-320 Software Development Methodologies\Homework\Antwickler\vendor\laravel\framework\src\Illuminate\Routing\ControllerDispatcher.php(44): Illuminate\Routing\Controller->callAction('signup', Array)
#5 D:\5735512083\242-320 Software Development Methodologies\Homework\Antwickler\vendor\laravel\framework\src\Illuminate\Routing\Route.php(203): Illuminate\Routing\ControllerDispatcher->dispatch(Object(Illuminate\Routing\Route), Object(App\Http\Controllers\SignupController), 'signup')
#6 D:\5735512083\242-320 Software Development Methodologies\Homework\Antwickler\vendor\laravel\framework\src\Illuminate\Routing\Route.php(160): Illuminate\Routing\Route->runController()
#7 D:\5735512083\242-320 Software Development Methodologies\Homework\Antwickler\vendor\laravel\framework\src\Illuminate\Routing\Router.php(559): Illuminate\Routing\Route->run()
#8 D:\5735512083\242-320 Software Development Methodologies\Homework\Antwickler\vendor\laravel\framework\src\Illuminate\Routing\Pipeline.php(30): Illuminate\Routing\Router->Illuminate\Routing\{closure}(Object(Illuminate\Http\Request))
#9 D:\5735512083\242-320 Software Development Methodologies\Homework\Antwickler\vendor\laravel\framework\src\Illuminate\Routing\Middleware\SubstituteBindings.php(41): Illuminate\Routing\Pipeline->Illuminate\Routing\{closure}(Object(Illuminate\Http\Request))
#10 D:\5735512083\242-320 Software Development Methodologies\Homework\Antwickler\vendor\laravel\framework\src\Illuminate\Pipeline\Pipeline.php(148): Illuminate\Routing\Middleware\SubstituteBindings->handle(Object(Illuminate\Http\Request), Object(Closure))
#11 D:\5735512083\242-320 Software Development Methodologies\Homework\Antwickler\vendor\laravel\framework\src\Illuminate\Routing\Pipeline.php(53): Illuminate\Pipeline\Pipeline->Illuminate\Pipeline\{closure}(Object(Illuminate\Http\Request))
#12 D:\5735512083\242-320 Software Development Methodologies\Homework\Antwickler\vendor\laravel\framework\src\Illuminate\Foundation\Http\Middleware\VerifyCsrfToken.php(65): Illuminate\Routing\Pipeline->Illuminate\Routing\{closure}(Object(Illuminate\Http\Request))
#13 D:\5735512083\242-320 Software Development Methodologies\Homework\Antwickler\vendor\laravel\framework\src\Illuminate\Pipeline\Pipeline.php(148): Illuminate\Foundation\Http\Middleware\VerifyCsrfToken->handle(Object(Illuminate\Http\Request), Object(Closure))
#14 D:\5735512083\242-320 Software Development Methodologies\Homework\Antwickler\vendor\laravel\framework\src\Illuminate\Routing\Pipeline.php(53): Illuminate\Pipeline\Pipeline->Illuminate\Pipeline\{closure}(Object(Illuminate\Http\Request))
#15 D:\5735512083\242-320 Software Development Methodologies\Homework\Antwickler\vendor\laravel\framework\src\Illuminate\View\Middleware\ShareErrorsFromSession.php(49): Illuminate\Routing\Pipeline->Illuminate\Routing\{closure}(Object(Illuminate\Http\Request))
#16 D:\5735512083\242-320 Software Development Methodologies\Homework\Antwickler\vendor\laravel\framework\src\Illuminate\Pipeline\Pipeline.php(148): Illuminate\View\Middleware\ShareErrorsFromSession->handle(Object(Illuminate\Http\Request), Object(Closure))
#17 D:\5735512083\242-320 Software Development Methodologies\Homework\Antwickler\vendor\laravel\framework\src\Illuminate\Routing\Pipeline.php(53): Illuminate\Pipeline\Pipeline->Illuminate\Pipeline\{closure}(Object(Illuminate\Http\Request))
#18 D:\5735512083\242-320 Software Development Methodologies\Homework\Antwickler\vendor\laravel\framework\src\Illuminate\Session\Middleware\StartSession.php(64): Illuminate\Routing\Pipeline->Illuminate\Routing\{closure}(Object(Illuminate\Http\Request))
#19 D:\5735512083\242-320 Software Development Methodologies\Homework\Antwickler\vendor\laravel\framework\src\Illuminate\Pipeline\Pipeline.php(148): Illuminate\Session\Middleware\StartSession->handle(Object(Illuminate\Http\Request), Object(Closure))
#20 D:\5735512083\242-320 Software Development Methodologies\Homework\Antwickler\vendor\laravel\framework\src\Illuminate\Routing\Pipeline.php(53): Illuminate\Pipeline\Pipeline->Illuminate\Pipeline\{closure}(Object(Illuminate\Http\Request))
#21 D:\5735512083\242-320 Software Development Methodologies\Homework\Antwickler\vendor\laravel\framework\src\Illuminate\Cookie\Middleware\AddQueuedCookiesToResponse.php(37): Illuminate\Routing\Pipeline->Illuminate\Routing\{closure}(Object(Illuminate\Http\Request))
#22 D:\5735512083\242-320 Software Development Methodologies\Homework\Antwickler\vendor\laravel\framework\src\Illuminate\Pipeline\Pipeline.php(148): Illuminate\Cookie\Middleware\AddQueuedCookiesToResponse->handle(Object(Illuminate\Http\Request), Object(Closure))
#23 D:\5735512083\242-320 Software Development Methodologies\Homework\Antwickler\vendor\laravel\framework\src\Illuminate\Routing\Pipeline.php(53): Illuminate\Pipeline\Pipeline->Illuminate\Pipeline\{closure}(Object(Illuminate\Http\Request))
#24 D:\5735512083\242-320 Software Development Methodologies\Homework\Antwickler\vendor\laravel\framework\src\Illuminate\Cookie\Middleware\EncryptCookies.php(59): Illuminate\Routing\Pipeline->Illuminate\Routing\{closure}(Object(Illuminate\Http\Request))
#25 D:\5735512083\242-320 Software Development Methodologies\Homework\Antwickler\vendor\laravel\framework\src\Illuminate\Pipeline\Pipeline.php(148): Illuminate\Cookie\Middleware\EncryptCookies->handle(Object(Illuminate\Http\Request), Object(Closure))
#26 D:\5735512083\242-320 Software Development Methodologies\Homework\Antwickler\vendor\laravel\framework\src\Illuminate\Routing\Pipeline.php(53): Illuminate\Pipeline\Pipeline->Illuminate\Pipeline\{closure}(Object(Illuminate\Http\Request))
#27 D:\5735512083\242-320 Software Development Methodologies\Homework\Antwickler\vendor\laravel\framework\src\Illuminate\Pipeline\Pipeline.php(102): Illuminate\Routing\Pipeline->Illuminate\Routing\{closure}(Object(Illuminate\Http\Request))
#28 D:\5735512083\242-320 Software Development Methodologies\Homework\Antwickler\vendor\laravel\framework\src\Illuminate\Routing\Router.php(561): Illuminate\Pipeline\Pipeline->then(Object(Closure))
#29 D:\5735512083\242-320 Software Development Methodologies\Homework\Antwickler\vendor\laravel\framework\src\Illuminate\Routing\Router.php(520): Illuminate\Routing\Router->runRouteWithinStack(Object(Illuminate\Routing\Route), Object(Illuminate\Http\Request))
#30 D:\5735512083\242-320 Software Development Methodologies\Homework\Antwickler\vendor\laravel\framework\src\Illuminate\Routing\Router.php(498): Illuminate\Routing\Router->dispatchToRoute(Object(Illuminate\Http\Request))
#31 D:\5735512083\242-320 Software Development Methodologies\Homework\Antwickler\vendor\laravel\framework\src\Illuminate\Foundation\Http\Kernel.php(174): Illuminate\Routing\Router->dispatch(Object(Illuminate\Http\Request))
#32 D:\5735512083\242-320 Software Development Methodologies\Homework\Antwickler\vendor\laravel\framework\src\Illuminate\Routing\Pipeline.php(30): Illuminate\Foundation\Http\Kernel->Illuminate\Foundation\Http\{closure}(Object(Illuminate\Http\Request))
#33 D:\5735512083\242-320 Software Development Methodologies\Homework\Antwickler\vendor\laravel\framework\src\Illuminate\Foundation\Http\Middleware\TransformsRequest.php(30): Illuminate\Routing\Pipeline->Illuminate\Routing\{closure}(Object(Illuminate\Http\Request))
#34 D:\5735512083\242-320 Software Development Methodologies\Homework\Antwickler\vendor\laravel\framework\src\Illuminate\Pipeline\Pipeline.php(148): Illuminate\Foundation\Http\Middleware\TransformsRequest->handle(Object(Illuminate\Http\Request), Object(Closure))
#35 D:\5735512083\242-320 Software Development Methodologies\Homework\Antwickler\vendor\laravel\framework\src\Illuminate\Routing\Pipeline.php(53): Illuminate\Pipeline\Pipeline->Illuminate\Pipeline\{closure}(Object(Illuminate\Http\Request))
#36 D:\5735512083\242-320 Software Development Methodologies\Homework\Antwickler\vendor\laravel\framework\src\Illuminate\Foundation\Http\Middleware\TransformsRequest.php(30): Illuminate\Routing\Pipeline->Illuminate\Routing\{closure}(Object(Illuminate\Http\Request))
#37 D:\5735512083\242-320 Software Development Methodologies\Homework\Antwickler\vendor\laravel\framework\src\Illuminate\Pipeline\Pipeline.php(148): Illuminate\Foundation\Http\Middleware\TransformsRequest->handle(Object(Illuminate\Http\Request), Object(Closure))
#38 D:\5735512083\242-320 Software Development Methodologies\Homework\Antwickler\vendor\laravel\framework\src\Illuminate\Routing\Pipeline.php(53): Illuminate\Pipeline\Pipeline->Illuminate\Pipeline\{closure}(Object(Illuminate\Http\Request))
#39 D:\5735512083\242-320 Software Development Methodologies\Homework\Antwickler\vendor\laravel\framework\src\Illuminate\Foundation\Http\Middleware\ValidatePostSize.php(27): Illuminate\Routing\Pipeline->Illuminate\Routing\{closure}(Object(Illuminate\Http\Request))
#40 D:\5735512083\242-320 Software Development Methodologies\Homework\Antwickler\vendor\laravel\framework\src\Illuminate\Pipeline\Pipeline.php(148): Illuminate\Foundation\Http\Middleware\ValidatePostSize->handle(Object(Illuminate\Http\Request), Object(Closure))
#41 D:\5735512083\242-320 Software Development Methodologies\Homework\Antwickler\vendor\laravel\framework\src\Illuminate\Routing\Pipeline.php(53): Illuminate\Pipeline\Pipeline->Illuminate\Pipeline\{closure}(Object(Illuminate\Http\Request))
#42 D:\5735512083\242-320 Software Development Methodologies\Homework\Antwickler\vendor\laravel\framework\src\Illuminate\Foundation\Http\Middleware\CheckForMaintenanceMode.php(46): Illuminate\Routing\Pipeline->Illuminate\Routing\{closure}(Object(Illuminate\Http\Request))
#43 D:\5735512083\242-320 Software Development Methodologies\Homework\Antwickler\vendor\laravel\framework\src\Illuminate\Pipeline\Pipeline.php(148): Illuminate\Foundation\Http\Middleware\CheckForMaintenanceMode->handle(Object(Illuminate\Http\Request), Object(Closure))
#44 D:\5735512083\242-320 Software Development Methodologies\Homework\Antwickler\vendor\laravel\framework\src\Illuminate\Routing\Pipeline.php(53): Illuminate\Pipeline\Pipeline->Illuminate\Pipeline\{closure}(Object(Illuminate\Http\Request))
#45 D:\5735512083\242-320 Software Development Methodologies\Homework\Antwickler\vendor\laravel\framework\src\Illuminate\Pipeline\Pipeline.php(102): Illuminate\Routing\Pipeline->Illuminate\Routing\{closure}(Object(Illuminate\Http\Request))
#46 D:\5735512083\242-320 Software Development Methodologies\Homework\Antwickler\vendor\laravel\framework\src\Illuminate\Foundation\Http\Kernel.php(149): Illuminate\Pipeline\Pipeline->then(Object(Closure))
#47 D:\5735512083\242-320 Software Development Methodologies\Homework\Antwickler\vendor\laravel\framework\src\Illuminate\Foundation\Http\Kernel.php(116): Illuminate\Foundation\Http\Kernel->sendRequestThroughRouter(Object(Illuminate\Http\Request))
#48 D:\5735512083\242-320 Software Development Methodologies\Homework\Antwickler\public\index.php(53): Illuminate\Foundation\Http\Kernel->handle(Object(Illuminate\Http\Request))
#49 D:\5735512083\242-320 Software Development Methodologies\Homework\Antwickler\server.php(21): require_once('D:\\5735512083\\2...')
#50 {main}  
[2017-03-29 20:53:41] local.ERROR: Symfony\Component\Debug\Exception\FatalThrowableError: Parse error: syntax error, unexpected 'else' (T_ELSE) in D:\5735512083\242-320 Software Development Methodologies\Homework\Antwickler\app\Http\Controllers\SignupController.php:43
Stack trace:
#0 D:\5735512083\242-320 Software Development Methodologies\Homework\Antwickler\vendor\composer\ClassLoader.php(322): Composer\Autoload\includeFile('D:\\5735512083\\2...')
#1 [internal function]: Composer\Autoload\ClassLoader->loadClass('App\\Http\\Contro...')
#2 [internal function]: spl_autoload_call('App\\Http\\Contro...')
#3 D:\5735512083\242-320 Software Development Methodologies\Homework\Antwickler\vendor\laravel\framework\src\Illuminate\Container\Container.php(681): ReflectionClass->__construct('App\\Http\\Contro...')
#4 D:\5735512083\242-320 Software Development Methodologies\Homework\Antwickler\vendor\laravel\framework\src\Illuminate\Container\Container.php(565): Illuminate\Container\Container->build('App\\Http\\Contro...')
#5 D:\5735512083\242-320 Software Development Methodologies\Homework\Antwickler\vendor\laravel\framework\src\Illuminate\Foundation\Application.php(702): Illuminate\Container\Container->make('App\\Http\\Contro...')
#6 D:\5735512083\242-320 Software Development Methodologies\Homework\Antwickler\vendor\laravel\framework\src\Illuminate\Routing\Route.php(217): Illuminate\Foundation\Application->make('App\\Http\\Contro...')
#7 D:\5735512083\242-320 Software Development Methodologies\Homework\Antwickler\vendor\laravel\framework\src\Illuminate\Routing\Route.php(736): Illuminate\Routing\Route->getController()
#8 D:\5735512083\242-320 Software Development Methodologies\Homework\Antwickler\vendor\laravel\framework\src\Illuminate\Routing\Route.php(697): Illuminate\Routing\Route->controllerMiddleware()
#9 D:\5735512083\242-320 Software Development Methodologies\Homework\Antwickler\vendor\laravel\framework\src\Illuminate\Routing\Router.php(572): Illuminate\Routing\Route->gatherMiddleware()
#10 D:\5735512083\242-320 Software Development Methodologies\Homework\Antwickler\vendor\laravel\framework\src\Illuminate\Routing\Router.php(552): Illuminate\Routing\Router->gatherRouteMiddleware(Object(Illuminate\Routing\Route))
#11 D:\5735512083\242-320 Software Development Methodologies\Homework\Antwickler\vendor\laravel\framework\src\Illuminate\Routing\Router.php(520): Illuminate\Routing\Router->runRouteWithinStack(Object(Illuminate\Routing\Route), Object(Illuminate\Http\Request))
#12 D:\5735512083\242-320 Software Development Methodologies\Homework\Antwickler\vendor\laravel\framework\src\Illuminate\Routing\Router.php(498): Illuminate\Routing\Router->dispatchToRoute(Object(Illuminate\Http\Request))
#13 D:\5735512083\242-320 Software Development Methodologies\Homework\Antwickler\vendor\laravel\framework\src\Illuminate\Foundation\Http\Kernel.php(174): Illuminate\Routing\Router->dispatch(Object(Illuminate\Http\Request))
#14 D:\5735512083\242-320 Software Development Methodologies\Homework\Antwickler\vendor\laravel\framework\src\Illuminate\Routing\Pipeline.php(30): Illuminate\Foundation\Http\Kernel->Illuminate\Foundation\Http\{closure}(Object(Illuminate\Http\Request))
#15 D:\5735512083\242-320 Software Development Methodologies\Homework\Antwickler\vendor\laravel\framework\src\Illuminate\Foundation\Http\Middleware\TransformsRequest.php(30): Illuminate\Routing\Pipeline->Illuminate\Routing\{closure}(Object(Illuminate\Http\Request))
#16 D:\5735512083\242-320 Software Development Methodologies\Homework\Antwickler\vendor\laravel\framework\src\Illuminate\Pipeline\Pipeline.php(148): Illuminate\Foundation\Http\Middleware\TransformsRequest->handle(Object(Illuminate\Http\Request), Object(Closure))
#17 D:\5735512083\242-320 Software Development Methodologies\Homework\Antwickler\vendor\laravel\framework\src\Illuminate\Routing\Pipeline.php(53): Illuminate\Pipeline\Pipeline->Illuminate\Pipeline\{closure}(Object(Illuminate\Http\Request))
#18 D:\5735512083\242-320 Software Development Methodologies\Homework\Antwickler\vendor\laravel\framework\src\Illuminate\Foundation\Http\Middleware\TransformsRequest.php(30): Illuminate\Routing\Pipeline->Illuminate\Routing\{closure}(Object(Illuminate\Http\Request))
#19 D:\5735512083\242-320 Software Development Methodologies\Homework\Antwickler\vendor\laravel\framework\src\Illuminate\Pipeline\Pipeline.php(148): Illuminate\Foundation\Http\Middleware\TransformsRequest->handle(Object(Illuminate\Http\Request), Object(Closure))
#20 D:\5735512083\242-320 Software Development Methodologies\Homework\Antwickler\vendor\laravel\framework\src\Illuminate\Routing\Pipeline.php(53): Illuminate\Pipeline\Pipeline->Illuminate\Pipeline\{closure}(Object(Illuminate\Http\Request))
#21 D:\5735512083\242-320 Software Development Methodologies\Homework\Antwickler\vendor\laravel\framework\src\Illuminate\Foundation\Http\Middleware\ValidatePostSize.php(27): Illuminate\Routing\Pipeline->Illuminate\Routing\{closure}(Object(Illuminate\Http\Request))
#22 D:\5735512083\242-320 Software Development Methodologies\Homework\Antwickler\vendor\laravel\framework\src\Illuminate\Pipeline\Pipeline.php(148): Illuminate\Foundation\Http\Middleware\ValidatePostSize->handle(Object(Illuminate\Http\Request), Object(Closure))
#23 D:\5735512083\242-320 Software Development Methodologies\Homework\Antwickler\vendor\laravel\framework\src\Illuminate\Routing\Pipeline.php(53): Illuminate\Pipeline\Pipeline->Illuminate\Pipeline\{closure}(Object(Illuminate\Http\Request))
#24 D:\5735512083\242-320 Software Development Methodologies\Homework\Antwickler\vendor\laravel\framework\src\Illuminate\Foundation\Http\Middleware\CheckForMaintenanceMode.php(46): Illuminate\Routing\Pipeline->Illuminate\Routing\{closure}(Object(Illuminate\Http\Request))
#25 D:\5735512083\242-320 Software Development Methodologies\Homework\Antwickler\vendor\laravel\framework\src\Illuminate\Pipeline\Pipeline.php(148): Illuminate\Foundation\Http\Middleware\CheckForMaintenanceMode->handle(Object(Illuminate\Http\Request), Object(Closure))
#26 D:\5735512083\242-320 Software Development Methodologies\Homework\Antwickler\vendor\laravel\framework\src\Illuminate\Routing\Pipeline.php(53): Illuminate\Pipeline\Pipeline->Illuminate\Pipeline\{closure}(Object(Illuminate\Http\Request))
#27 D:\5735512083\242-320 Software Development Methodologies\Homework\Antwickler\vendor\laravel\framework\src\Illuminate\Pipeline\Pipeline.php(102): Illuminate\Routing\Pipeline->Illuminate\Routing\{closure}(Object(Illuminate\Http\Request))
#28 D:\5735512083\242-320 Software Development Methodologies\Homework\Antwickler\vendor\laravel\framework\src\Illuminate\Foundation\Http\Kernel.php(149): Illuminate\Pipeline\Pipeline->then(Object(Closure))
#29 D:\5735512083\242-320 Software Development Methodologies\Homework\Antwickler\vendor\laravel\framework\src\Illuminate\Foundation\Http\Kernel.php(116): Illuminate\Foundation\Http\Kernel->sendRequestThroughRouter(Object(Illuminate\Http\Request))
#30 D:\5735512083\242-320 Software Development Methodologies\Homework\Antwickler\public\index.php(53): Illuminate\Foundation\Http\Kernel->handle(Object(Illuminate\Http\Request))
#31 D:\5735512083\242-320 Software Development Methodologies\Homework\Antwickler\server.php(21): require_once('D:\\5735512083\\2...')
#32 {main}  
[2017-03-29 20:58:04] local.ERROR: Symfony\Component\Debug\Exception\FatalThrowableError: Parse error: syntax error, unexpected 'else' (T_ELSE) in D:\5735512083\242-320 Software Development Methodologies\Homework\Antwickler\app\Http\Controllers\SignupController.php:43
Stack trace:
#0 D:\5735512083\242-320 Software Development Methodologies\Homework\Antwickler\vendor\composer\ClassLoader.php(322): Composer\Autoload\includeFile('D:\\5735512083\\2...')
#1 [internal function]: Composer\Autoload\ClassLoader->loadClass('App\\Http\\Contro...')
#2 [internal function]: spl_autoload_call('App\\Http\\Contro...')
#3 D:\5735512083\242-320 Software Development Methodologies\Homework\Antwickler\vendor\laravel\framework\src\Illuminate\Container\Container.php(681): ReflectionClass->__construct('App\\Http\\Contro...')
#4 D:\5735512083\242-320 Software Development Methodologies\Homework\Antwickler\vendor\laravel\framework\src\Illuminate\Container\Container.php(565): Illuminate\Container\Container->build('App\\Http\\Contro...')
#5 D:\5735512083\242-320 Software Development Methodologies\Homework\Antwickler\vendor\laravel\framework\src\Illuminate\Foundation\Application.php(702): Illuminate\Container\Container->make('App\\Http\\Contro...')
#6 D:\5735512083\242-320 Software Development Methodologies\Homework\Antwickler\vendor\laravel\framework\src\Illuminate\Routing\Route.php(217): Illuminate\Foundation\Application->make('App\\Http\\Contro...')
#7 D:\5735512083\242-320 Software Development Methodologies\Homework\Antwickler\vendor\laravel\framework\src\Illuminate\Routing\Route.php(736): Illuminate\Routing\Route->getController()
#8 D:\5735512083\242-320 Software Development Methodologies\Homework\Antwickler\vendor\laravel\framework\src\Illuminate\Routing\Route.php(697): Illuminate\Routing\Route->controllerMiddleware()
#9 D:\5735512083\242-320 Software Development Methodologies\Homework\Antwickler\vendor\laravel\framework\src\Illuminate\Routing\Router.php(572): Illuminate\Routing\Route->gatherMiddleware()
#10 D:\5735512083\242-320 Software Development Methodologies\Homework\Antwickler\vendor\laravel\framework\src\Illuminate\Routing\Router.php(552): Illuminate\Routing\Router->gatherRouteMiddleware(Object(Illuminate\Routing\Route))
#11 D:\5735512083\242-320 Software Development Methodologies\Homework\Antwickler\vendor\laravel\framework\src\Illuminate\Routing\Router.php(520): Illuminate\Routing\Router->runRouteWithinStack(Object(Illuminate\Routing\Route), Object(Illuminate\Http\Request))
#12 D:\5735512083\242-320 Software Development Methodologies\Homework\Antwickler\vendor\laravel\framework\src\Illuminate\Routing\Router.php(498): Illuminate\Routing\Router->dispatchToRoute(Object(Illuminate\Http\Request))
#13 D:\5735512083\242-320 Software Development Methodologies\Homework\Antwickler\vendor\laravel\framework\src\Illuminate\Foundation\Http\Kernel.php(174): Illuminate\Routing\Router->dispatch(Object(Illuminate\Http\Request))
#14 D:\5735512083\242-320 Software Development Methodologies\Homework\Antwickler\vendor\laravel\framework\src\Illuminate\Routing\Pipeline.php(30): Illuminate\Foundation\Http\Kernel->Illuminate\Foundation\Http\{closure}(Object(Illuminate\Http\Request))
#15 D:\5735512083\242-320 Software Development Methodologies\Homework\Antwickler\vendor\laravel\framework\src\Illuminate\Foundation\Http\Middleware\TransformsRequest.php(30): Illuminate\Routing\Pipeline->Illuminate\Routing\{closure}(Object(Illuminate\Http\Request))
#16 D:\5735512083\242-320 Software Development Methodologies\Homework\Antwickler\vendor\laravel\framework\src\Illuminate\Pipeline\Pipeline.php(148): Illuminate\Foundation\Http\Middleware\TransformsRequest->handle(Object(Illuminate\Http\Request), Object(Closure))
#17 D:\5735512083\242-320 Software Development Methodologies\Homework\Antwickler\vendor\laravel\framework\src\Illuminate\Routing\Pipeline.php(53): Illuminate\Pipeline\Pipeline->Illuminate\Pipeline\{closure}(Object(Illuminate\Http\Request))
#18 D:\5735512083\242-320 Software Development Methodologies\Homework\Antwickler\vendor\laravel\framework\src\Illuminate\Foundation\Http\Middleware\TransformsRequest.php(30): Illuminate\Routing\Pipeline->Illuminate\Routing\{closure}(Object(Illuminate\Http\Request))
#19 D:\5735512083\242-320 Software Development Methodologies\Homework\Antwickler\vendor\laravel\framework\src\Illuminate\Pipeline\Pipeline.php(148): Illuminate\Foundation\Http\Middleware\TransformsRequest->handle(Object(Illuminate\Http\Request), Object(Closure))
#20 D:\5735512083\242-320 Software Development Methodologies\Homework\Antwickler\vendor\laravel\framework\src\Illuminate\Routing\Pipeline.php(53): Illuminate\Pipeline\Pipeline->Illuminate\Pipeline\{closure}(Object(Illuminate\Http\Request))
#21 D:\5735512083\242-320 Software Development Methodologies\Homework\Antwickler\vendor\laravel\framework\src\Illuminate\Foundation\Http\Middleware\ValidatePostSize.php(27): Illuminate\Routing\Pipeline->Illuminate\Routing\{closure}(Object(Illuminate\Http\Request))
#22 D:\5735512083\242-320 Software Development Methodologies\Homework\Antwickler\vendor\laravel\framework\src\Illuminate\Pipeline\Pipeline.php(148): Illuminate\Foundation\Http\Middleware\ValidatePostSize->handle(Object(Illuminate\Http\Request), Object(Closure))
#23 D:\5735512083\242-320 Software Development Methodologies\Homework\Antwickler\vendor\laravel\framework\src\Illuminate\Routing\Pipeline.php(53): Illuminate\Pipeline\Pipeline->Illuminate\Pipeline\{closure}(Object(Illuminate\Http\Request))
#24 D:\5735512083\242-320 Software Development Methodologies\Homework\Antwickler\vendor\laravel\framework\src\Illuminate\Foundation\Http\Middleware\CheckForMaintenanceMode.php(46): Illuminate\Routing\Pipeline->Illuminate\Routing\{closure}(Object(Illuminate\Http\Request))
#25 D:\5735512083\242-320 Software Development Methodologies\Homework\Antwickler\vendor\laravel\framework\src\Illuminate\Pipeline\Pipeline.php(148): Illuminate\Foundation\Http\Middleware\CheckForMaintenanceMode->handle(Object(Illuminate\Http\Request), Object(Closure))
#26 D:\5735512083\242-320 Software Development Methodologies\Homework\Antwickler\vendor\laravel\framework\src\Illuminate\Routing\Pipeline.php(53): Illuminate\Pipeline\Pipeline->Illuminate\Pipeline\{closure}(Object(Illuminate\Http\Request))
#27 D:\5735512083\242-320 Software Development Methodologies\Homework\Antwickler\vendor\laravel\framework\src\Illuminate\Pipeline\Pipeline.php(102): Illuminate\Routing\Pipeline->Illuminate\Routing\{closure}(Object(Illuminate\Http\Request))
#28 D:\5735512083\242-320 Software Development Methodologies\Homework\Antwickler\vendor\laravel\framework\src\Illuminate\Foundation\Http\Kernel.php(149): Illuminate\Pipeline\Pipeline->then(Object(Closure))
#29 D:\5735512083\242-320 Software Development Methodologies\Homework\Antwickler\vendor\laravel\framework\src\Illuminate\Foundation\Http\Kernel.php(116): Illuminate\Foundation\Http\Kernel->sendRequestThroughRouter(Object(Illuminate\Http\Request))
#30 D:\5735512083\242-320 Software Development Methodologies\Homework\Antwickler\public\index.php(53): Illuminate\Foundation\Http\Kernel->handle(Object(Illuminate\Http\Request))
#31 D:\5735512083\242-320 Software Development Methodologies\Homework\Antwickler\server.php(21): require_once('D:\\5735512083\\2...')
#32 {main}  
